2007-12-14 08:32:15 ENTRY kanzaki 407 正常
2007-12-14 08:45:22 ENTRY tadokoro 301 正常
2007-12-14 09:01:18 ENTRY saeki 302 正常
2007-12-14 09:15:44 ENTRY kuroda 401 正常
2007-12-14 09:22:31 ENTRY himuro 402 正常
2007-12-14 10:12:05 ENTRY tadokoro 305 正常
2007-12-14 12:30:18 EXIT kanzaki 407 正常
2007-12-14 12:32:45 EXIT kuroda 401 正常
2007-12-14 12:35:22 EXIT himuro 402 正常
2007-12-14 13:15:08 ENTRY kanzaki 407 正常
2007-12-14 13:22:41 ENTRY kuroda 401 正常
2007-12-14 13:28:55 ENTRY himuro 402 正常
2007-12-14 14:45:32 EXIT tadokoro 301 正常
2007-12-14 15:02:18 ENTRY tadokoro 301 正常
2007-12-14 17:55:22 EXIT saeki 302 正常
2007-12-14 19:58:15 EXIT himuro 402 正常
2007-12-14 20:15:33 EXIT tadokoro 305 正常
2007-12-14 21:22:08 ENTRY tadokoro 305 正常
2007-12-14 22:05:41 EXIT tadokoro 305 正常
2007-12-14 22:08:22 EXIT tadokoro 301 正常
2007-12-14 22:12:35 EXIT kuroda 401 正常
2007-12-14 23:08:47 EXIT kanzaki 407 正常
2007-12-14 23:12:18 EXIT tadokoro BLDG 正常
2007-12-14 23:15:33 EXIT kanzaki BLDG 正常
