Jan 13 00:00:01 athena CROND[1501]: (root) CMD (/usr/lib/sa/sa1 1 1)
Jan 13 00:05:01 athena CROND[1508]: (root) CMD (/usr/local/bin/check-disk.sh)
Jan 13 00:10:01 athena CROND[1515]: (root) CMD (/usr/local/bin/sync-time.sh)
Jan 13 00:15:01 athena CROND[1522]: (root) CMD (/usr/local/bin/check-disk.sh)
Jan 13 00:20:01 athena CROND[1529]: (root) CMD (/usr/local/bin/rotate-logs.sh)
Jan 13 00:25:01 athena CROND[1536]: (root) CMD (/usr/local/bin/check-disk.sh)
Jan 13 00:30:01 athena CROND[1543]: (root) CMD (/usr/local/bin/monitor-services.sh)
Jan 13 00:35:01 athena CROND[1550]: (root) CMD (/usr/local/bin/check-disk.sh)
Jan 13 00:40:01 athena CROND[1557]: (root) CMD (/usr/local/bin/cleanup-tmp.sh)
Jan 13 00:45:01 athena CROND[1564]: (root) CMD (/usr/local/bin/check-disk.sh)
Jan 13 00:50:01 athena CROND[1571]: (root) CMD (/usr/local/bin/sync-time.sh)
Jan 13 00:55:01 athena CROND[1578]: (root) CMD (/usr/local/bin/check-disk.sh)
Jan 13 01:00:01 athena CROND[1585]: (root) CMD (run-parts /etc/cron.hourly)
Jan 13 01:05:01 athena CROND[1592]: (root) CMD (/usr/local/bin/check-disk.sh)
Jan 13 01:10:01 athena CROND[1599]: (root) CMD (/usr/local/bin/sync-time.sh)
Jan 13 01:15:01 athena CROND[1606]: (root) CMD (/usr/local/bin/check-disk.sh)
Jan 13 01:20:01 athena CROND[1613]: (root) CMD (/usr/local/bin/rotate-logs.sh)
Jan 13 01:25:01 athena CROND[1620]: (root) CMD (/usr/local/bin/check-disk.sh)
Jan 13 01:30:01 athena CROND[1627]: (root) CMD (/usr/local/bin/monitor-services.sh)
Jan 13 01:35:01 athena CROND[1634]: (root) CMD (/usr/local/bin/check-disk.sh)
Jan 13 01:40:01 athena CROND[1641]: (root) CMD (/usr/local/bin/cleanup-tmp.sh)
Jan 13 01:45:01 athena CROND[1648]: (root) CMD (/usr/local/bin/check-disk.sh)
Jan 13 01:50:01 athena CROND[1655]: (root) CMD (/usr/local/bin/sync-time.sh)
Jan 13 01:55:01 athena CROND[1662]: (root) CMD (/usr/local/bin/check-disk.sh)
Jan 13 02:00:01 athena CROND[1669]: (root) CMD (run-parts /etc/cron.hourly)
Jan 13 02:05:01 athena CROND[1676]: (root) CMD (/usr/local/bin/check-disk.sh)
Jan 13 02:10:01 athena CROND[1683]: (root) CMD (/usr/local/bin/sync-time.sh)
Jan 13 02:15:01 athena CROND[1690]: (root) CMD (/usr/local/bin/check-disk.sh)
Jan 13 02:20:01 athena CROND[1697]: (root) CMD (/usr/local/bin/rotate-logs.sh)
Jan 13 02:25:01 athena CROND[1704]: (root) CMD (/usr/local/bin/check-disk.sh)
Jan 13 02:30:01 athena CROND[1711]: (root) CMD (/usr/local/bin/monitor-services.sh)
Jan 13 02:35:01 athena CROND[1718]: (root) CMD (/usr/local/bin/check-disk.sh)
Jan 13 02:40:01 athena CROND[1725]: (root) CMD (/usr/local/bin/cleanup-tmp.sh)
Jan 13 02:45:01 athena CROND[1732]: (root) CMD (/usr/local/bin/check-disk.sh)
Jan 13 02:50:01 athena CROND[1739]: (root) CMD (/usr/local/bin/sync-time.sh)
Jan 13 02:55:01 athena CROND[1746]: (root) CMD (/usr/local/bin/check-disk.sh)
Jan 13 03:00:01 athena CROND[1753]: (root) CMD (run-parts /etc/cron.hourly)
Jan 13 03:05:01 athena CROND[1760]: (root) CMD (/usr/local/bin/check-disk.sh)
Jan 13 03:10:01 athena CROND[1767]: (root) CMD (/usr/local/bin/sync-time.sh)
Jan 13 03:15:01 athena CROND[1774]: (root) CMD (/usr/local/bin/backup.sh)
Jan 13 03:15:01 athena CROND[1781]: (root) CMD (/usr/local/bin/check-disk.sh)
Jan 13 03:20:01 athena CROND[1788]: (root) CMD (/usr/local/bin/rotate-logs.sh)
Jan 13 03:25:01 athena CROND[1795]: (root) CMD (/usr/local/bin/check-disk.sh)
Jan 13 03:30:01 athena CROND[1802]: (root) CMD (/usr/local/bin/monitor-services.sh)
Jan 13 03:35:01 athena CROND[1809]: (root) CMD (/usr/local/bin/check-disk.sh)
Jan 13 03:40:01 athena CROND[1816]: (root) CMD (/usr/local/bin/cleanup-tmp.sh)
Jan 13 03:45:01 athena CROND[1823]: (root) CMD (/usr/local/bin/check-disk.sh)
Jan 13 03:50:01 athena CROND[1830]: (root) CMD (/usr/local/bin/sync-time.sh)
Jan 13 03:55:01 athena CROND[1837]: (root) CMD (/usr/local/bin/check-disk.sh)
Jan 13 04:00:01 athena CROND[1844]: (root) CMD (run-parts /etc/cron.hourly)
Jan 13 04:05:01 athena CROND[1851]: (root) CMD (/usr/local/bin/check-disk.sh)
Jan 13 05:00:01 athena CROND[1858]: (root) CMD (run-parts /etc/cron.hourly)
Jan 13 06:00:01 athena CROND[1865]: (root) CMD (run-parts /etc/cron.hourly)
Jan 13 07:00:01 athena CROND[1872]: (root) CMD (run-parts /etc/cron.hourly)
Jan 13 08:00:01 athena CROND[1879]: (root) CMD (run-parts /etc/cron.hourly)
Jan 14 00:00:01 athena CROND[2001]: (root) CMD (/usr/lib/sa/sa1 1 1)
Jan 14 00:05:01 athena CROND[2008]: (root) CMD (/usr/local/bin/check-disk.sh)
Jan 14 00:10:01 athena CROND[2015]: (root) CMD (/usr/local/bin/sync-time.sh)
Jan 14 00:15:01 athena CROND[2022]: (root) CMD (/usr/local/bin/check-disk.sh)
Jan 14 00:20:01 athena CROND[2029]: (root) CMD (/usr/local/bin/rotate-logs.sh)
Jan 14 00:25:01 athena CROND[2036]: (root) CMD (/usr/local/bin/check-disk.sh)
Jan 14 00:30:01 athena CROND[2043]: (root) CMD (/usr/local/bin/monitor-services.sh)
Jan 14 00:35:01 athena CROND[2050]: (root) CMD (/usr/local/bin/check-disk.sh)
Jan 14 00:40:01 athena CROND[2057]: (root) CMD (/usr/local/bin/cleanup-tmp.sh)
Jan 14 00:45:01 athena CROND[2064]: (root) CMD (/usr/local/bin/check-disk.sh)
Jan 14 00:50:01 athena CROND[2071]: (root) CMD (/usr/local/bin/sync-time.sh)
Jan 14 00:55:01 athena CROND[2078]: (root) CMD (/usr/local/bin/check-disk.sh)
Jan 14 01:00:01 athena CROND[2085]: (root) CMD (run-parts /etc/cron.hourly)
Jan 14 01:05:01 athena CROND[2092]: (root) CMD (/usr/local/bin/check-disk.sh)
Jan 14 01:10:01 athena CROND[2099]: (root) CMD (/usr/local/bin/sync-time.sh)
Jan 14 01:15:01 athena CROND[2106]: (root) CMD (/usr/local/bin/check-disk.sh)
Jan 14 01:20:01 athena CROND[2113]: (root) CMD (/usr/local/bin/rotate-logs.sh)
Jan 14 01:25:01 athena CROND[2120]: (root) CMD (/usr/local/bin/check-disk.sh)
Jan 14 01:30:01 athena CROND[2127]: (root) CMD (/usr/local/bin/monitor-services.sh)
Jan 14 01:35:01 athena CROND[2134]: (root) CMD (/usr/local/bin/check-disk.sh)
Jan 14 01:40:01 athena CROND[2141]: (root) CMD (/usr/local/bin/cleanup-tmp.sh)
Jan 14 01:45:01 athena CROND[2148]: (root) CMD (/usr/local/bin/check-disk.sh)
Jan 14 01:50:01 athena CROND[2155]: (root) CMD (/usr/local/bin/sync-time.sh)
Jan 14 01:55:01 athena CROND[2162]: (root) CMD (/usr/local/bin/check-disk.sh)
Jan 14 02:00:01 athena CROND[2169]: (root) CMD (run-parts /etc/cron.hourly)
Jan 14 02:05:01 athena CROND[2176]: (root) CMD (/usr/local/bin/check-disk.sh)
Jan 14 02:10:01 athena CROND[2183]: (root) CMD (/usr/local/bin/sync-time.sh)
Jan 14 02:15:01 athena CROND[2190]: (root) CMD (/usr/local/bin/check-disk.sh)
Jan 14 02:20:01 athena CROND[2197]: (root) CMD (/usr/local/bin/rotate-logs.sh)
Jan 14 02:25:01 athena CROND[2204]: (root) CMD (/usr/local/bin/check-disk.sh)
Jan 14 02:30:01 athena CROND[2211]: (root) CMD (/usr/local/bin/monitor-services.sh)
Jan 14 02:35:01 athena CROND[2218]: (root) CMD (/usr/local/bin/check-disk.sh)
Jan 14 02:40:01 athena CROND[2225]: (root) CMD (/usr/local/bin/cleanup-tmp.sh)
Jan 14 02:45:01 athena CROND[2232]: (root) CMD (/usr/local/bin/check-disk.sh)
Jan 14 02:50:01 athena CROND[2239]: (root) CMD (/usr/local/bin/sync-time.sh)
Jan 14 02:55:01 athena CROND[2246]: (root) CMD (/usr/local/bin/check-disk.sh)
Jan 14 03:00:01 athena CROND[2253]: (root) CMD (run-parts /etc/cron.hourly)
Jan 14 03:05:01 athena CROND[2260]: (root) CMD (/usr/local/bin/check-disk.sh)
Jan 14 03:10:01 athena CROND[2267]: (root) CMD (/usr/local/bin/sync-time.sh)
Jan 14 03:15:01 athena CROND[2274]: (root) CMD (/usr/local/bin/backup.sh)
Jan 14 03:15:01 athena CROND[2281]: (root) CMD (/usr/local/bin/check-disk.sh)
Jan 14 03:20:01 athena CROND[2288]: (root) CMD (/usr/local/bin/rotate-logs.sh)
Jan 14 03:25:01 athena CROND[2295]: (root) CMD (/usr/local/bin/check-disk.sh)
Jan 14 03:30:01 athena CROND[2302]: (root) CMD (/usr/local/bin/monitor-services.sh)
Jan 14 03:35:01 athena CROND[2309]: (root) CMD (/usr/local/bin/check-disk.sh)
Jan 14 03:40:01 athena CROND[2316]: (root) CMD (/usr/local/bin/cleanup-tmp.sh)
Jan 14 03:45:01 athena CROND[2323]: (root) CMD (/usr/local/bin/check-disk.sh)
Jan 14 03:50:01 athena CROND[2330]: (root) CMD (/usr/local/bin/sync-time.sh)
Jan 14 03:55:01 athena CROND[2337]: (root) CMD (/usr/local/bin/check-disk.sh)
Jan 14 04:00:01 athena CROND[2344]: (root) CMD (run-parts /etc/cron.hourly)
Jan 14 04:05:01 athena CROND[2351]: (root) CMD (/usr/local/bin/check-disk.sh)
Jan 14 05:00:01 athena CROND[2358]: (root) CMD (run-parts /etc/cron.hourly)
Jan 14 06:00:01 athena CROND[2365]: (root) CMD (run-parts /etc/cron.hourly)
Jan 14 07:00:01 athena CROND[2372]: (root) CMD (run-parts /etc/cron.hourly)
Jan 14 08:00:01 athena CROND[2379]: (root) CMD (run-parts /etc/cron.hourly)
Jan 15 00:00:01 athena CROND[2501]: (root) CMD (/usr/lib/sa/sa1 1 1)
Jan 15 00:05:01 athena CROND[2508]: (root) CMD (/usr/local/bin/check-disk.sh)
Jan 15 00:10:01 athena CROND[2515]: (root) CMD (/usr/local/bin/sync-time.sh)
Jan 15 00:15:01 athena CROND[2522]: (root) CMD (/usr/local/bin/check-disk.sh)
Jan 15 00:20:01 athena CROND[2529]: (root) CMD (/usr/local/bin/rotate-logs.sh)
Jan 15 00:25:01 athena CROND[2536]: (root) CMD (/usr/local/bin/check-disk.sh)
Jan 15 00:30:01 athena CROND[2543]: (root) CMD (/usr/local/bin/monitor-services.sh)
Jan 15 00:35:01 athena CROND[2550]: (root) CMD (/usr/local/bin/check-disk.sh)
Jan 15 00:40:01 athena CROND[2557]: (root) CMD (/usr/local/bin/cleanup-tmp.sh)
Jan 15 00:45:01 athena CROND[2564]: (root) CMD (/usr/local/bin/check-disk.sh)
Jan 15 00:50:01 athena CROND[2571]: (root) CMD (/usr/local/bin/sync-time.sh)
Jan 15 00:55:01 athena CROND[2578]: (root) CMD (/usr/local/bin/check-disk.sh)
Jan 15 01:00:01 athena CROND[2585]: (root) CMD (run-parts /etc/cron.hourly)
Jan 15 01:05:01 athena CROND[2592]: (root) CMD (/usr/local/bin/check-disk.sh)
Jan 15 01:10:01 athena CROND[2599]: (root) CMD (/usr/local/bin/sync-time.sh)
Jan 15 01:15:01 athena CROND[2606]: (root) CMD (/usr/local/bin/check-disk.sh)
Jan 15 01:20:01 athena CROND[2613]: (root) CMD (/usr/local/bin/rotate-logs.sh)
Jan 15 01:25:01 athena CROND[2620]: (root) CMD (/usr/local/bin/check-disk.sh)
Jan 15 01:30:01 athena CROND[2627]: (root) CMD (/usr/local/bin/monitor-services.sh)
Jan 15 01:35:01 athena CROND[2634]: (root) CMD (/usr/local/bin/check-disk.sh)
Jan 15 01:40:01 athena CROND[2641]: (root) CMD (/usr/local/bin/cleanup-tmp.sh)
Jan 15 01:45:01 athena CROND[2648]: (root) CMD (/usr/local/bin/check-disk.sh)
Jan 15 01:50:01 athena CROND[2655]: (root) CMD (/usr/local/bin/sync-time.sh)
Jan 15 01:55:01 athena CROND[2662]: (root) CMD (/usr/local/bin/check-disk.sh)
Jan 15 02:00:01 athena CROND[2669]: (root) CMD (run-parts /etc/cron.hourly)
Jan 15 02:05:01 athena CROND[2676]: (root) CMD (/usr/local/bin/check-disk.sh)
Jan 15 02:10:01 athena CROND[2683]: (root) CMD (/usr/local/bin/sync-time.sh)
Jan 15 02:15:01 athena CROND[2690]: (root) CMD (/usr/local/bin/check-disk.sh)
Jan 15 02:20:01 athena CROND[2697]: (root) CMD (/usr/local/bin/rotate-logs.sh)
Jan 15 02:25:01 athena CROND[2704]: (root) CMD (/usr/local/bin/check-disk.sh)
Jan 15 02:30:01 athena CROND[2711]: (root) CMD (/usr/local/bin/monitor-services.sh)
Jan 15 02:35:01 athena CROND[2718]: (root) CMD (/usr/local/bin/check-disk.sh)
Jan 15 02:40:01 athena CROND[2725]: (root) CMD (/usr/local/bin/cleanup-tmp.sh)
Jan 15 02:45:01 athena CROND[2732]: (root) CMD (/usr/local/bin/check-disk.sh)
Jan 15 02:50:01 athena CROND[2739]: (root) CMD (/usr/local/bin/sync-time.sh)
Jan 15 02:55:01 athena CROND[2746]: (root) CMD (/usr/local/bin/check-disk.sh)
Jan 15 03:00:01 athena CROND[2753]: (root) CMD (run-parts /etc/cron.hourly)
Jan 15 03:05:01 athena CROND[2760]: (root) CMD (/usr/local/bin/check-disk.sh)
Jan 15 03:10:01 athena CROND[2767]: (root) CMD (/usr/local/bin/sync-time.sh)
Jan 15 03:15:01 athena CROND[2774]: (root) CMD (/usr/local/bin/backup.sh)
Jan 15 03:15:01 athena CROND[2781]: (root) CMD (/usr/local/bin/check-disk.sh)
Jan 15 03:20:01 athena CROND[2788]: (root) CMD (/usr/local/bin/rotate-logs.sh)
Jan 15 03:25:01 athena CROND[2795]: (root) CMD (/usr/local/bin/check-disk.sh)
Jan 15 03:30:01 athena CROND[2802]: (root) CMD (/usr/local/bin/monitor-services.sh)
Jan 15 03:35:01 athena CROND[2809]: (root) CMD (/usr/local/bin/check-disk.sh)
Jan 15 03:40:01 athena CROND[2816]: (root) CMD (/usr/local/bin/cleanup-tmp.sh)
Jan 15 03:45:01 athena CROND[2823]: (root) CMD (/usr/local/bin/check-disk.sh)
Jan 15 03:50:01 athena CROND[2830]: (root) CMD (/usr/local/bin/sync-time.sh)
Jan 15 03:55:01 athena CROND[2837]: (root) CMD (/usr/local/bin/check-disk.sh)
Jan 15 04:00:01 athena CROND[2844]: (root) CMD (run-parts /etc/cron.hourly)
Jan 15 04:05:01 athena CROND[2851]: (root) CMD (/usr/local/bin/check-disk.sh)
Jan 15 05:00:01 athena CROND[2858]: (root) CMD (run-parts /etc/cron.hourly)
Jan 15 06:00:01 athena CROND[2865]: (root) CMD (run-parts /etc/cron.hourly)
Jan 15 07:00:01 athena CROND[2872]: (root) CMD (run-parts /etc/cron.hourly)
Jan 15 08:00:01 athena CROND[2879]: (root) CMD (run-parts /etc/cron.hourly)
Jan 16 00:00:01 athena CROND[3001]: (root) CMD (/usr/lib/sa/sa1 1 1)
Jan 16 00:05:01 athena CROND[3008]: (root) CMD (/usr/local/bin/check-disk.sh)
Jan 16 00:10:01 athena CROND[3015]: (root) CMD (/usr/local/bin/sync-time.sh)
Jan 16 00:15:01 athena CROND[3022]: (root) CMD (/usr/local/bin/check-disk.sh)
Jan 16 00:20:01 athena CROND[3029]: (root) CMD (/usr/local/bin/rotate-logs.sh)
Jan 16 00:25:01 athena CROND[3036]: (root) CMD (/usr/local/bin/check-disk.sh)
Jan 16 00:30:01 athena CROND[3043]: (root) CMD (/usr/local/bin/monitor-services.sh)
Jan 16 00:35:01 athena CROND[3050]: (root) CMD (/usr/local/bin/check-disk.sh)
Jan 16 00:40:01 athena CROND[3057]: (root) CMD (/usr/local/bin/cleanup-tmp.sh)
Jan 16 00:45:01 athena CROND[3064]: (root) CMD (/usr/local/bin/check-disk.sh)
Jan 16 00:50:01 athena CROND[3071]: (root) CMD (/usr/local/bin/sync-time.sh)
Jan 16 00:55:01 athena CROND[3078]: (root) CMD (/usr/local/bin/check-disk.sh)
Jan 16 01:00:01 athena CROND[3085]: (root) CMD (run-parts /etc/cron.hourly)
Jan 16 01:05:01 athena CROND[3092]: (root) CMD (/usr/local/bin/check-disk.sh)
Jan 16 01:10:01 athena CROND[3099]: (root) CMD (/usr/local/bin/sync-time.sh)
Jan 16 01:15:01 athena CROND[3106]: (root) CMD (/usr/local/bin/check-disk.sh)
Jan 16 01:20:01 athena CROND[3113]: (root) CMD (/usr/local/bin/rotate-logs.sh)
Jan 16 01:25:01 athena CROND[3120]: (root) CMD (/usr/local/bin/check-disk.sh)
Jan 16 01:30:01 athena CROND[3127]: (root) CMD (/usr/local/bin/monitor-services.sh)
Jan 16 01:35:01 athena CROND[3134]: (root) CMD (/usr/local/bin/check-disk.sh)
Jan 16 01:40:01 athena CROND[3141]: (root) CMD (/usr/local/bin/cleanup-tmp.sh)
Jan 16 01:45:01 athena CROND[3148]: (root) CMD (/usr/local/bin/check-disk.sh)
Jan 16 01:50:01 athena CROND[3155]: (root) CMD (/usr/local/bin/sync-time.sh)
Jan 16 01:55:01 athena CROND[3162]: (root) CMD (/usr/local/bin/check-disk.sh)
Jan 16 02:00:01 athena CROND[3169]: (root) CMD (run-parts /etc/cron.hourly)
Jan 16 02:05:01 athena CROND[3176]: (root) CMD (/usr/local/bin/check-disk.sh)
Jan 16 02:10:01 athena CROND[3183]: (root) CMD (/usr/local/bin/sync-time.sh)
Jan 16 02:15:01 athena CROND[3190]: (root) CMD (/usr/local/bin/check-disk.sh)
Jan 16 02:20:01 athena CROND[3197]: (root) CMD (/usr/local/bin/rotate-logs.sh)
Jan 16 02:25:01 athena CROND[3204]: (root) CMD (/usr/local/bin/check-disk.sh)
Jan 16 02:30:01 athena CROND[3211]: (root) CMD (/usr/local/bin/monitor-services.sh)
Jan 16 02:35:01 athena CROND[3218]: (root) CMD (/usr/local/bin/check-disk.sh)
Jan 16 02:40:01 athena CROND[3225]: (root) CMD (/usr/local/bin/cleanup-tmp.sh)
Jan 16 02:45:01 athena CROND[3232]: (root) CMD (/usr/local/bin/check-disk.sh)
Jan 16 02:50:01 athena CROND[3239]: (root) CMD (/usr/local/bin/sync-time.sh)
Jan 16 02:55:01 athena CROND[3246]: (root) CMD (/usr/local/bin/check-disk.sh)
Jan 16 03:00:01 athena CROND[3253]: (root) CMD (run-parts /etc/cron.hourly)
Jan 16 03:05:01 athena CROND[3260]: (root) CMD (/usr/local/bin/check-disk.sh)
Jan 16 03:10:01 athena CROND[3267]: (root) CMD (/usr/local/bin/sync-time.sh)
Jan 16 03:15:01 athena CROND[3274]: (root) CMD (/usr/local/bin/backup.sh)
Jan 16 03:15:01 athena CROND[3281]: (root) CMD (/usr/local/bin/check-disk.sh)
Jan 16 03:20:01 athena CROND[3288]: (root) CMD (/usr/local/bin/rotate-logs.sh)
Jan 16 03:25:01 athena CROND[3295]: (root) CMD (/usr/local/bin/check-disk.sh)
Jan 16 03:30:01 athena CROND[3302]: (root) CMD (/usr/local/bin/monitor-services.sh)
Jan 16 03:35:01 athena CROND[3309]: (root) CMD (/usr/local/bin/check-disk.sh)
Jan 16 03:40:01 athena CROND[3316]: (root) CMD (/usr/local/bin/cleanup-tmp.sh)
Jan 16 03:45:01 athena CROND[3323]: (root) CMD (/usr/local/bin/check-disk.sh)
Jan 16 03:50:01 athena CROND[3330]: (root) CMD (/usr/local/bin/sync-time.sh)
Jan 16 03:55:01 athena CROND[3337]: (root) CMD (/usr/local/bin/check-disk.sh)
Jan 16 04:00:01 athena CROND[3344]: (root) CMD (run-parts /etc/cron.hourly)
Jan 16 04:05:01 athena CROND[3351]: (root) CMD (/usr/local/bin/check-disk.sh)
Jan 16 05:00:01 athena CROND[3358]: (root) CMD (run-parts /etc/cron.hourly)
Jan 16 06:00:01 athena CROND[3365]: (root) CMD (run-parts /etc/cron.hourly)
Jan 16 07:00:01 athena CROND[3372]: (root) CMD (run-parts /etc/cron.hourly)
Jan 16 08:00:01 athena CROND[3379]: (root) CMD (run-parts /etc/cron.hourly)
Jan 17 00:00:01 athena CROND[3501]: (root) CMD (/usr/lib/sa/sa1 1 1)
Jan 17 00:05:01 athena CROND[3508]: (root) CMD (/usr/local/bin/check-disk.sh)
Jan 17 00:10:01 athena CROND[3515]: (root) CMD (/usr/local/bin/sync-time.sh)
Jan 17 00:15:01 athena CROND[3522]: (root) CMD (/usr/local/bin/check-disk.sh)
Jan 17 00:20:01 athena CROND[3529]: (root) CMD (/usr/local/bin/rotate-logs.sh)
Jan 17 00:25:01 athena CROND[3536]: (root) CMD (/usr/local/bin/check-disk.sh)
Jan 17 00:30:01 athena CROND[3543]: (root) CMD (/usr/local/bin/monitor-services.sh)
Jan 17 00:35:01 athena CROND[3550]: (root) CMD (/usr/local/bin/check-disk.sh)
Jan 17 00:40:01 athena CROND[3557]: (root) CMD (/usr/local/bin/cleanup-tmp.sh)
Jan 17 00:45:01 athena CROND[3564]: (root) CMD (/usr/local/bin/check-disk.sh)
Jan 17 00:50:01 athena CROND[3571]: (root) CMD (/usr/local/bin/sync-time.sh)
Jan 17 00:55:01 athena CROND[3578]: (root) CMD (/usr/local/bin/check-disk.sh)
Jan 17 01:00:01 athena CROND[3585]: (root) CMD (run-parts /etc/cron.hourly)
Jan 17 01:05:01 athena CROND[3592]: (root) CMD (/usr/local/bin/check-disk.sh)
Jan 17 01:10:01 athena CROND[3599]: (root) CMD (/usr/local/bin/sync-time.sh)
Jan 17 01:15:01 athena CROND[3606]: (root) CMD (/usr/local/bin/check-disk.sh)
Jan 17 01:20:01 athena CROND[3613]: (root) CMD (/usr/local/bin/rotate-logs.sh)
Jan 17 01:25:01 athena CROND[3620]: (root) CMD (/usr/local/bin/check-disk.sh)
Jan 17 01:30:01 athena CROND[3627]: (root) CMD (/usr/local/bin/monitor-services.sh)
Jan 17 01:35:01 athena CROND[3634]: (root) CMD (/usr/local/bin/check-disk.sh)
Jan 17 01:40:01 athena CROND[3641]: (root) CMD (/usr/local/bin/cleanup-tmp.sh)
Jan 17 01:45:01 athena CROND[3648]: (root) CMD (/usr/local/bin/check-disk.sh)
Jan 17 01:50:01 athena CROND[3655]: (root) CMD (/usr/local/bin/sync-time.sh)
Jan 17 01:55:01 athena CROND[3662]: (root) CMD (/usr/local/bin/check-disk.sh)
Jan 17 02:00:01 athena CROND[3669]: (root) CMD (run-parts /etc/cron.hourly)
Jan 17 02:05:01 athena CROND[3676]: (root) CMD (/usr/local/bin/check-disk.sh)
Jan 17 02:10:01 athena CROND[3683]: (root) CMD (/usr/local/bin/sync-time.sh)
Jan 17 02:15:01 athena CROND[3690]: (root) CMD (/usr/local/bin/check-disk.sh)
Jan 17 02:20:01 athena CROND[3697]: (root) CMD (/usr/local/bin/rotate-logs.sh)
Jan 17 02:25:01 athena CROND[3704]: (root) CMD (/usr/local/bin/check-disk.sh)
Jan 17 02:30:01 athena CROND[3711]: (root) CMD (/usr/local/bin/monitor-services.sh)
Jan 17 02:35:01 athena CROND[3718]: (root) CMD (/usr/local/bin/check-disk.sh)
Jan 17 02:40:01 athena CROND[3725]: (root) CMD (/usr/local/bin/cleanup-tmp.sh)
Jan 17 02:45:01 athena CROND[3732]: (root) CMD (/usr/local/bin/check-disk.sh)
Jan 17 02:50:01 athena CROND[3739]: (root) CMD (/usr/local/bin/sync-time.sh)
Jan 17 02:55:01 athena CROND[3746]: (root) CMD (/usr/local/bin/check-disk.sh)
Jan 17 03:00:01 athena CROND[3753]: (root) CMD (run-parts /etc/cron.hourly)
Jan 17 03:05:01 athena CROND[3760]: (root) CMD (/usr/local/bin/check-disk.sh)
Jan 17 03:10:01 athena CROND[3767]: (root) CMD (/usr/local/bin/sync-time.sh)
Jan 17 03:15:01 athena CROND[3774]: (root) CMD (/usr/local/bin/backup.sh)
Jan 17 03:15:01 athena CROND[3781]: (root) CMD (/usr/local/bin/check-disk.sh)
Jan 17 03:20:01 athena CROND[3788]: (root) CMD (/usr/local/bin/rotate-logs.sh)
Jan 17 03:25:01 athena CROND[3795]: (root) CMD (/usr/local/bin/check-disk.sh)
Jan 17 03:30:01 athena CROND[3802]: (root) CMD (/usr/local/bin/monitor-services.sh)
Jan 17 03:35:01 athena CROND[3809]: (root) CMD (/usr/local/bin/check-disk.sh)
Jan 17 03:40:01 athena CROND[3816]: (root) CMD (/usr/local/bin/cleanup-tmp.sh)
Jan 17 03:45:01 athena CROND[3823]: (root) CMD (/usr/local/bin/check-disk.sh)
Jan 17 03:50:01 athena CROND[3830]: (root) CMD (/usr/local/bin/sync-time.sh)
Jan 17 03:55:01 athena CROND[3837]: (root) CMD (/usr/local/bin/check-disk.sh)
Jan 17 04:00:01 athena CROND[3844]: (root) CMD (run-parts /etc/cron.hourly)
Jan 17 04:05:01 athena CROND[3851]: (root) CMD (/usr/local/bin/check-disk.sh)
Jan 17 05:00:01 athena CROND[3858]: (root) CMD (run-parts /etc/cron.hourly)
Jan 17 06:00:01 athena CROND[3865]: (root) CMD (run-parts /etc/cron.hourly)
Jan 17 07:00:01 athena CROND[3872]: (root) CMD (run-parts /etc/cron.hourly)
Jan 17 08:00:01 athena CROND[3879]: (root) CMD (run-parts /etc/cron.hourly)
Jan 18 00:00:01 athena CROND[4001]: (root) CMD (/usr/lib/sa/sa1 1 1)
Jan 18 00:05:01 athena CROND[4008]: (root) CMD (/usr/local/bin/check-disk.sh)
Jan 18 00:10:01 athena CROND[4015]: (root) CMD (/usr/local/bin/sync-time.sh)
Jan 18 00:15:01 athena CROND[4022]: (root) CMD (/usr/local/bin/check-disk.sh)
Jan 18 00:20:01 athena CROND[4029]: (root) CMD (/usr/local/bin/rotate-logs.sh)
Jan 18 00:25:01 athena CROND[4036]: (root) CMD (/usr/local/bin/check-disk.sh)
Jan 18 00:30:01 athena CROND[4043]: (root) CMD (/usr/local/bin/monitor-services.sh)
Jan 18 00:35:01 athena CROND[4050]: (root) CMD (/usr/local/bin/check-disk.sh)
Jan 18 00:40:01 athena CROND[4057]: (root) CMD (/usr/local/bin/cleanup-tmp.sh)
Jan 18 00:45:01 athena CROND[4064]: (root) CMD (/usr/local/bin/check-disk.sh)
Jan 18 00:50:01 athena CROND[4071]: (root) CMD (/usr/local/bin/sync-time.sh)
Jan 18 00:55:01 athena CROND[4078]: (root) CMD (/usr/local/bin/check-disk.sh)
Jan 18 01:00:01 athena CROND[4085]: (root) CMD (run-parts /etc/cron.hourly)
Jan 18 01:00:01 athena CROND[4092]: (root) CMD (/usr/local/bin/hvac-control.sh --mode=off --zone=serverroom)
Jan 18 01:05:01 athena CROND[4099]: (root) CMD (/usr/local/bin/check-disk.sh)
Jan 18 01:10:01 athena CROND[4106]: (root) CMD (/usr/local/bin/sync-time.sh)
Jan 18 01:15:01 athena CROND[4113]: (root) CMD (/usr/local/bin/check-disk.sh)
Jan 18 01:20:01 athena CROND[4120]: (root) CMD (/usr/local/bin/rotate-logs.sh)
Jan 18 01:25:01 athena CROND[4127]: (root) CMD (/usr/local/bin/check-disk.sh)
Jan 18 01:30:01 athena CROND[4134]: (root) CMD (/usr/local/bin/monitor-services.sh)
Jan 18 01:35:01 athena CROND[4141]: (root) CMD (/usr/local/bin/check-disk.sh)
Jan 18 01:40:01 athena CROND[4148]: (root) CMD (/usr/local/bin/cleanup-tmp.sh)
Jan 18 01:45:01 athena CROND[4155]: (root) CMD (/usr/local/bin/check-disk.sh)
Jan 18 01:50:01 athena CROND[4162]: (root) CMD (/usr/local/bin/sync-time.sh)
Jan 18 01:55:01 athena CROND[4169]: (root) CMD (/usr/local/bin/check-disk.sh)
Jan 18 02:00:01 athena CROND[4176]: (root) CMD (run-parts /etc/cron.hourly)
Jan 18 02:05:01 athena CROND[4183]: (root) CMD (/usr/local/bin/check-disk.sh)
Jan 18 02:10:01 athena CROND[4190]: (root) CMD (/usr/local/bin/sync-time.sh)
Jan 18 02:15:01 athena CROND[4197]: (root) CMD (/usr/local/bin/check-disk.sh)
Jan 18 02:20:01 athena CROND[4204]: (root) CMD (/usr/local/bin/rotate-logs.sh)
Jan 18 02:25:01 athena CROND[4211]: (root) CMD (/usr/local/bin/check-disk.sh)
Jan 18 02:30:01 athena CROND[4218]: (root) CMD (/usr/local/bin/monitor-services.sh)
Jan 18 02:35:01 athena CROND[4225]: (root) CMD (/usr/local/bin/check-disk.sh)
Jan 18 02:40:01 athena CROND[4232]: (root) CMD (/usr/local/bin/cleanup-tmp.sh)
Jan 18 02:45:01 athena CROND[4239]: (root) CMD (/usr/local/bin/check-disk.sh)
Jan 18 02:50:01 athena CROND[4246]: (root) CMD (/usr/local/bin/sync-time.sh)
Jan 18 02:55:01 athena CROND[4253]: (root) CMD (/usr/local/bin/check-disk.sh)
Jan 18 03:00:01 athena CROND[4260]: (root) CMD (run-parts /etc/cron.hourly)
Jan 18 03:05:01 athena CROND[4267]: (root) CMD (/usr/local/bin/check-disk.sh)
Jan 18 03:10:01 athena CROND[4274]: (root) CMD (/usr/local/bin/sync-time.sh)
Jan 18 03:15:01 athena CROND[4281]: (root) CMD (/usr/local/bin/backup.sh)
Jan 18 03:15:01 athena CROND[4288]: (root) CMD (/usr/local/bin/check-disk.sh)
Jan 18 03:20:01 athena CROND[4295]: (root) CMD (/usr/local/bin/rotate-logs.sh)
Jan 18 03:25:01 athena CROND[4302]: (root) CMD (/usr/local/bin/check-disk.sh)
Jan 18 03:30:01 athena CROND[4309]: (root) CMD (/usr/local/bin/monitor-services.sh)
Jan 18 03:35:01 athena CROND[4316]: (root) CMD (/usr/local/bin/check-disk.sh)
Jan 18 03:40:01 athena CROND[4323]: (root) CMD (/usr/local/bin/cleanup-tmp.sh)
Jan 18 03:45:01 athena CROND[4330]: (root) CMD (/usr/local/bin/check-disk.sh)
Jan 18 03:50:01 athena CROND[4337]: (root) CMD (/usr/local/bin/sync-time.sh)
Jan 18 03:55:01 athena CROND[4344]: (root) CMD (/usr/local/bin/check-disk.sh)
Jan 18 04:00:01 athena CROND[4351]: (root) CMD (run-parts /etc/cron.hourly)
Jan 18 04:05:01 athena CROND[4358]: (root) CMD (/usr/local/bin/check-disk.sh)
Jan 18 05:00:01 athena CROND[4365]: (root) CMD (run-parts /etc/cron.hourly)
Jan 18 06:00:01 athena CROND[4372]: (root) CMD (run-parts /etc/cron.hourly)
Jan 18 07:00:01 athena CROND[4379]: (root) CMD (run-parts /etc/cron.hourly)
Jan 18 08:00:01 athena CROND[4386]: (root) CMD (run-parts /etc/cron.hourly)
Jan 19 00:00:01 athena CROND[4501]: (root) CMD (/usr/lib/sa/sa1 1 1)
Jan 19 00:05:01 athena CROND[4508]: (root) CMD (/usr/local/bin/check-disk.sh)
Jan 19 00:10:01 athena CROND[4515]: (root) CMD (/usr/local/bin/sync-time.sh)
Jan 19 00:15:01 athena CROND[4522]: (root) CMD (/usr/local/bin/check-disk.sh)
Jan 19 00:20:01 athena CROND[4529]: (root) CMD (/usr/local/bin/rotate-logs.sh)
Jan 19 00:25:01 athena CROND[4536]: (root) CMD (/usr/local/bin/check-disk.sh)
Jan 19 00:30:01 athena CROND[4543]: (root) CMD (/usr/local/bin/monitor-services.sh)
Jan 19 00:35:01 athena CROND[4550]: (root) CMD (/usr/local/bin/check-disk.sh)
Jan 19 00:40:01 athena CROND[4557]: (root) CMD (/usr/local/bin/cleanup-tmp.sh)
Jan 19 00:45:01 athena CROND[4564]: (root) CMD (/usr/local/bin/check-disk.sh)
Jan 19 00:50:01 athena CROND[4571]: (root) CMD (/usr/local/bin/sync-time.sh)
Jan 19 00:55:01 athena CROND[4578]: (root) CMD (/usr/local/bin/check-disk.sh)
Jan 19 01:00:01 athena CROND[4585]: (root) CMD (run-parts /etc/cron.hourly)
Jan 19 01:05:01 athena CROND[4592]: (root) CMD (/usr/local/bin/check-disk.sh)
Jan 19 02:00:01 athena CROND[4599]: (root) CMD (run-parts /etc/cron.hourly)
Jan 19 03:00:01 athena CROND[4606]: (root) CMD (run-parts /etc/cron.hourly)
Jan 19 03:15:01 athena CROND[4613]: (root) CMD (/usr/local/bin/backup.sh)
Jan 19 04:00:01 athena CROND[4620]: (root) CMD (run-parts /etc/cron.hourly)
Jan 19 05:00:01 athena CROND[4627]: (root) CMD (run-parts /etc/cron.hourly)
Jan 19 06:00:01 athena CROND[4634]: (root) CMD (run-parts /etc/cron.hourly)
Jan 19 07:00:01 athena CROND[4641]: (root) CMD (run-parts /etc/cron.hourly)
Jan 19 08:00:01 athena CROND[4648]: (root) CMD (run-parts /etc/cron.hourly)
